<?xml version="1.0" encoding="UTF-8"?>
<testng-results ignored="0" total="1" passed="1" failed="0" skipped="0">
  <reporter-output>
  </reporter-output>
  <suite started-at="2024-09-29T18:34:21 CDT" name="Suite" finished-at="2024-09-29T18:34:22 CDT" duration-ms="1088">
    <groups>
    </groups>
    <test started-at="2024-09-29T18:34:21 CDT" name="Test" finished-at="2024-09-29T18:34:22 CDT" duration-ms="1088">
      <class name="com.test.LoginTest">
        <test-method is-config="true" signature="setUP()[pri:0, instance:com.test.LoginTest@a776e]" started-at="2024-09-29T18:34:18 CDT" name="setUP" finished-at="2024-09-29T18:34:21 CDT" duration-ms="2881" status="PASS">
          <reporter-output>
          </reporter-output>
        </test-method> <!-- setUP -->
        <test-method signature="loginWithValidUserNameAndValidPassword()[pri:0, instance:com.test.LoginTest@a776e]" started-at="2024-09-29T18:34:21 CDT" name="loginWithValidUserNameAndValidPassword" finished-at="2024-09-29T18:34:22 CDT" duration-ms="898" status="PASS">
          <reporter-output>
          </reporter-output>
        </test-method> <!-- loginWithValidUserNameAndValidPassword -->
        <test-method is-config="true" signature="tearDown()[pri:0, instance:com.test.LoginTest@a776e]" started-at="2024-09-29T18:34:22 CDT" name="tearDown" finished-at="2024-09-29T18:34:22 CDT" duration-ms="130" status="PASS">
          <reporter-output>
          </reporter-output>
        </test-method> <!-- tearDown -->
      </class> <!-- com.test.LoginTest -->
    </test> <!-- Test -->
  </suite> <!-- Suite -->
</testng-results>
